<?xml version="1.0" encoding="UTF-8"?>
<!-- Generated by org.testng.reporters.JUnitReportReporter -->
<testsuite hostname="INHiKumar01" failures="0" tests="1" name="com.craftsvilla.testscripts.SignInModuleScript" time="63.405" errors="0" timestamp="2021-05-10T19:04:19 IST" skipped="0">
  <testcase classname="com.craftsvilla.testscripts.SignInModuleScript" name="tc_01_LoginTest" time="63.405"/>
  <system-out/>
</testsuite> <!-- com.craftsvilla.testscripts.SignInModuleScript -->
